CRITICAL - 2022-07-15 13:53:24 --> ini_set(): Headers already sent. You cannot change the session module's ini settings at this time
#0 [internal function]: CodeIgniter\Debug\Exceptions->errorHandler(2, 'ini_set(): Head...', 'C:\\xampp\\htdocs...', 80, Array)
#1 C:\xampp\htdocs\gender-api\system\Session\Handlers\FileHandler.php(80): ini_set('session.save_pa...', 'C:\\xampp\\htdocs...')
#2 C:\xampp\htdocs\gender-api\system\Config\Services.php(706): CodeIgniter\Session\Handlers\FileHandler->__construct(Object(Config\App), '::1')
#3 C:\xampp\htdocs\gender-api\system\Config\BaseService.php(100): CodeIgniter\Config\Services::session(Object(Config\App), false)
#4 C:\xampp\htdocs\gender-api\system\Config\Services.php(699): CodeIgniter\Config\BaseService::getSharedInstance('session', NULL)
#5 C:\xampp\htdocs\gender-api\system\Config\BaseService.php(171): CodeIgniter\Config\Services::session()
#6 C:\xampp\htdocs\gender-api\app\Controllers\BaseController.php(48): CodeIgniter\Config\BaseService::__callStatic('session', Array)
#7 C:\xampp\htdocs\gender-api\system\CodeIgniter.php(909): App\Controllers\BaseController->initController(Object(CodeIgniter\HTTP\IncomingRequest), Object(CodeIgniter\HTTP\Response), Object(CodeIgniter\Log\Logger))
#8 C:\xampp\htdocs\gender-api\system\CodeIgniter.php(422): CodeIgniter\CodeIgniter->createController()
#9 C:\xampp\htdocs\gender-api\system\CodeIgniter.php(333): CodeIgniter\CodeIgniter->handleRequest(NULL, Object(Config\Cache), false)
#10 C:\xampp\htdocs\gender-api\index.php(44): CodeIgniter\CodeIgniter->run()
#11 {main}
CRITICAL - 2022-07-15 13:53:24 --> Uncaught ErrorException: Cannot modify header information - headers already sent by (output started at C:\xampp\htdocs\gender-api\app\Config\Events.php:35) in C:\xampp\htdocs\gender-api\system\Debug\Exceptions.php:137
Stack trace:
#0 [internal function]: CodeIgniter\Debug\Exceptions->errorHandler(2, 'Cannot modify h...', 'C:\\xampp\\htdocs...', 137, Array)
#1 C:\xampp\htdocs\gender-api\system\Debug\Exceptions.php(137): header('HTTP/1.1 500 In...', true, 500)
#2 [internal function]: CodeIgniter\Debug\Exceptions->exceptionHandler(Object(ErrorException))
#3 {main}
  thrown
#0 [internal function]: CodeIgniter\Debug\Exceptions->shutdownHandler()
#1 {main}
CRITICAL - 2022-07-15 13:55:00 --> ini_set(): Headers already sent. You cannot change the session module's ini settings at this time
#0 [internal function]: CodeIgniter\Debug\Exceptions->errorHandler(2, 'ini_set(): Head...', 'C:\\xampp\\htdocs...', 80, Array)
#1 C:\xampp\htdocs\gender-api\system\Session\Handlers\FileHandler.php(80): ini_set('session.save_pa...', 'C:\\xampp\\htdocs...')
#2 C:\xampp\htdocs\gender-api\system\Config\Services.php(706): CodeIgniter\Session\Handlers\FileHandler->__construct(Object(Config\App), '::1')
#3 C:\xampp\htdocs\gender-api\system\Config\BaseService.php(100): CodeIgniter\Config\Services::session(Object(Config\App), false)
#4 C:\xampp\htdocs\gender-api\system\Config\Services.php(699): CodeIgniter\Config\BaseService::getSharedInstance('session', NULL)
#5 C:\xampp\htdocs\gender-api\system\Config\BaseService.php(171): CodeIgniter\Config\Services::session()
#6 C:\xampp\htdocs\gender-api\app\Controllers\BaseController.php(48): CodeIgniter\Config\BaseService::__callStatic('session', Array)
#7 C:\xampp\htdocs\gender-api\system\CodeIgniter.php(909): App\Controllers\BaseController->initController(Object(CodeIgniter\HTTP\IncomingRequest), Object(CodeIgniter\HTTP\Response), Object(CodeIgniter\Log\Logger))
#8 C:\xampp\htdocs\gender-api\system\CodeIgniter.php(422): CodeIgniter\CodeIgniter->createController()
#9 C:\xampp\htdocs\gender-api\system\CodeIgniter.php(333): CodeIgniter\CodeIgniter->handleRequest(NULL, Object(Config\Cache), false)
#10 C:\xampp\htdocs\gender-api\index.php(44): CodeIgniter\CodeIgniter->run()
#11 {main}
CRITICAL - 2022-07-15 13:55:00 --> Uncaught ErrorException: Cannot modify header information - headers already sent by (output started at C:\xampp\htdocs\gender-api\app\Config\Events.php:35) in C:\xampp\htdocs\gender-api\system\Debug\Exceptions.php:137
Stack trace:
#0 [internal function]: CodeIgniter\Debug\Exceptions->errorHandler(2, 'Cannot modify h...', 'C:\\xampp\\htdocs...', 137, Array)
#1 C:\xampp\htdocs\gender-api\system\Debug\Exceptions.php(137): header('HTTP/1.1 500 In...', true, 500)
#2 [internal function]: CodeIgniter\Debug\Exceptions->exceptionHandler(Object(ErrorException))
#3 {main}
  thrown
#0 [internal function]: CodeIgniter\Debug\Exceptions->shutdownHandler()
#1 {main}
CRITICAL - 2022-07-15 13:56:33 --> fopen(): Filename cannot be empty
#0 [internal function]: CodeIgniter\Debug\Exceptions->errorHandler(2, 'fopen(): Filena...', 'C:\\xampp\\htdocs...', 185, Array)
#1 C:\xampp\htdocs\gender-api\app\Controllers\Functions.php(185): fopen('', 'r')
#2 C:\xampp\htdocs\gender-api\system\CodeIgniter.php(936): App\Controllers\Functions->upload()
#3 C:\xampp\htdocs\gender-api\system\CodeIgniter.php(432): CodeIgniter\CodeIgniter->runController(Object(App\Controllers\Functions))
#4 C:\xampp\htdocs\gender-api\system\CodeIgniter.php(333): CodeIgniter\CodeIgniter->handleRequest(NULL, Object(Config\Cache), false)
#5 C:\xampp\htdocs\gender-api\index.php(44): CodeIgniter\CodeIgniter->run()
#6 {main}
CRITICAL - 2022-07-15 13:57:25 --> fopen(): Filename cannot be empty
#0 [internal function]: CodeIgniter\Debug\Exceptions->errorHandler(2, 'fopen(): Filena...', 'C:\\xampp\\htdocs...', 185, Array)
#1 C:\xampp\htdocs\gender-api\app\Controllers\Functions.php(185): fopen('', 'r')
#2 C:\xampp\htdocs\gender-api\system\CodeIgniter.php(936): App\Controllers\Functions->upload()
#3 C:\xampp\htdocs\gender-api\system\CodeIgniter.php(432): CodeIgniter\CodeIgniter->runController(Object(App\Controllers\Functions))
#4 C:\xampp\htdocs\gender-api\system\CodeIgniter.php(333): CodeIgniter\CodeIgniter->handleRequest(NULL, Object(Config\Cache), false)
#5 C:\xampp\htdocs\gender-api\index.php(44): CodeIgniter\CodeIgniter->run()
#6 {main}
CRITICAL - 2022-07-15 13:58:28 --> fopen(): Filename cannot be empty
#0 [internal function]: CodeIgniter\Debug\Exceptions->errorHandler(2, 'fopen(): Filena...', 'C:\\xampp\\htdocs...', 185, Array)
#1 C:\xampp\htdocs\gender-api\app\Controllers\Functions.php(185): fopen('', 'r')
#2 C:\xampp\htdocs\gender-api\system\CodeIgniter.php(936): App\Controllers\Functions->upload()
#3 C:\xampp\htdocs\gender-api\system\CodeIgniter.php(432): CodeIgniter\CodeIgniter->runController(Object(App\Controllers\Functions))
#4 C:\xampp\htdocs\gender-api\system\CodeIgniter.php(333): CodeIgniter\CodeIgniter->handleRequest(NULL, Object(Config\Cache), false)
#5 C:\xampp\htdocs\gender-api\index.php(44): CodeIgniter\CodeIgniter->run()
#6 {main}
CRITICAL - 2022-07-15 14:15:05 --> fgets() expects at most 2 parameters, 3 given
#0 [internal function]: CodeIgniter\Debug\Exceptions->errorHandler(2, 'fgets() expects...', 'C:\\xampp\\htdocs...', 189, Array)
#1 C:\xampp\htdocs\gender-api\app\Controllers\Functions.php(189): fgets(Resource id #130, 1000, ',')
#2 C:\xampp\htdocs\gender-api\system\CodeIgniter.php(936): App\Controllers\Functions->upload()
#3 C:\xampp\htdocs\gender-api\system\CodeIgniter.php(432): CodeIgniter\CodeIgniter->runController(Object(App\Controllers\Functions))
#4 C:\xampp\htdocs\gender-api\system\CodeIgniter.php(333): CodeIgniter\CodeIgniter->handleRequest(NULL, Object(Config\Cache), false)
#5 C:\xampp\htdocs\gender-api\index.php(44): CodeIgniter\CodeIgniter->run()
#6 {main}
CRITICAL - 2022-07-15 14:30:16 --> fopen(): Filename cannot be empty
#0 [internal function]: CodeIgniter\Debug\Exceptions->errorHandler(2, 'fopen(): Filena...', 'C:\\xampp\\htdocs...', 185, Array)
#1 C:\xampp\htdocs\gender-api\app\Controllers\Functions.php(185): fopen('', 'r')
#2 C:\xampp\htdocs\gender-api\system\CodeIgniter.php(936): App\Controllers\Functions->upload()
#3 C:\xampp\htdocs\gender-api\system\CodeIgniter.php(432): CodeIgniter\CodeIgniter->runController(Object(App\Controllers\Functions))
#4 C:\xampp\htdocs\gender-api\system\CodeIgniter.php(333): CodeIgniter\CodeIgniter->handleRequest(NULL, Object(Config\Cache), false)
#5 C:\xampp\htdocs\gender-api\index.php(44): CodeIgniter\CodeIgniter->run()
#6 {main}
CRITICAL - 2022-07-15 14:44:15 --> Maximum execution time of 120 seconds exceeded
#0 [internal function]: CodeIgniter\Debug\Exceptions->shutdownHandler()
#1 {main}
